<?xml version="1.0" encoding="UTF-8"?>
<!-- Generated by org.testng.reporters.JUnitXMLReporter -->
<testsuite hostname="LAPTOP-41741T4J" ignored="1" name="GoogleTutorialPage" tests="2" failures="2" timestamp="2022-09-21T15:29:29 IST" time="6.756" errors="0">
  <testcase name="TestGoogle" time="6.745" classname="com.Pack1.FirstTest">
    <failure type="org.openqa.selenium.WebDriverException" message="unknown error: Chrome failed to start: exited normally.
  (chrome not reachable)
  (The process started from chrome location C:\Program Files (x86)\Google\Chrome\Application\chrome.exe is no longer running, so ChromeDriver is assuming that Chrome has crashed.)
Build info: version: &amp;apos;3.141.59&amp;apos;, revision: &amp;apos;e82be7d358&amp;apos;, time: &amp;apos;2018-11-14T08:17:03&amp;apos;
System info: host: &amp;apos;LAPTOP-41741T4J&amp;apos;, ip: &amp;apos;192.168.137.1&amp;apos;, os.name: &amp;apos;Windows 10&amp;apos;, os.arch: &amp;apos;amd64&amp;apos;, os.version: &amp;apos;10.0&amp;apos;, java.version: &amp;apos;1.8.0_333&amp;apos;
Driver info: driver.version: ChromeDriver
remote stacktrace: Backtrace:
	Ordinal0 [0x0074DF13+2219795]
	Ordinal0 [0x006E2841+1779777]
	Ordinal0 [0x005F423D+803389]
	Ordinal0 [0x0061307F+929919]
	Ordinal0 [0x0060F179+913785]
	Ordinal0 [0x006436B9+1128121]
	Ordinal0 [0x0064331A+1127194]
	Ordinal0 [0x0063E616+1107478]
	Ordinal0 [0x00617F89+950153]
	Ordinal0 [0x00618F56+954198]
	GetHandleVerifier [0x00A42CB2+3040210]
	GetHandleVerifier [0x00A32BB4+2974420]
	GetHandleVerifier [0x007E6A0A+565546]
	GetHandleVerifier [0x007E5680+560544]
	Ordinal0 [0x006E9A5C+1808988]
	Ordinal0 [0x006EE3A8+1827752]
	Ordinal0 [0x006EE495+1827989]
	Ordinal0 [0x006F80A4+1867940]
	BaseThreadInitThunk [0x75F9FA29+25]
	RtlGetAppContainerNamedObjectPath [0x776C7B5E+286]
	RtlGetAppContainerNamedObjectPath [0x776C7B2E+238]
">
      <![CDATA[org.openqa.selenium.WebDriverException: unknown error: Chrome failed to start: exited normally.
  (chrome not reachable)
  (The process started from chrome location C:\Program Files (x86)\Google\Chrome\Application\chrome.exe is no longer running, so ChromeDriver is assuming that Chrome has crashed.)
Build info: version: '3.141.59', revision: 'e82be7d358', time: '2018-11-14T08:17:03'
System info: host: 'LAPTOP-41741T4J', ip: '192.168.137.1', os.name: 'Windows 10', os.arch: 'amd64', os.version: '10.0', java.version: '1.8.0_333'
Driver info: driver.version: ChromeDriver
remote stacktrace: Backtrace:
Ordinal0 [0x0074DF13+2219795]
Ordinal0 [0x006E2841+1779777]
Ordinal0 [0x005F423D+803389]
Ordinal0 [0x0061307F+929919]
Ordinal0 [0x0060F179+913785]
Ordinal0 [0x006436B9+1128121]
Ordinal0 [0x0064331A+1127194]
Ordinal0 [0x0063E616+1107478]
Ordinal0 [0x00617F89+950153]
Ordinal0 [0x00618F56+954198]
GetHandleVerifier [0x00A42CB2+3040210]
GetHandleVerifier [0x00A32BB4+2974420]
GetHandleVerifier [0x007E6A0A+565546]
GetHandleVerifier [0x007E5680+560544]
Ordinal0 [0x006E9A5C+1808988]
Ordinal0 [0x006EE3A8+1827752]
Ordinal0 [0x006EE495+1827989]
Ordinal0 [0x006F80A4+1867940]
BaseThreadInitThunk [0x75F9FA29+25]
RtlGetAppContainerNamedObjectPath [0x776C7B5E+286]
RtlGetAppContainerNamedObjectPath [0x776C7B2E+238]

at org.openqa.selenium.remote.W3CHandshakeResponse.lambda$errorHandler$0(W3CHandshakeResponse.java:62)
at org.openqa.selenium.remote.HandshakeResponse.lambda$getResponseFunction$0(HandshakeResponse.java:30)
at org.openqa.selenium.remote.ProtocolHandshake.lambda$createSession$0(ProtocolHandshake.java:126)
at java.util.stream.ReferencePipeline$3$1.accept(ReferencePipeline.java:193)
at java.util.Spliterators$ArraySpliterator.tryAdvance(Spliterators.java:958)
at java.util.stream.ReferencePipeline.forEachWithCancel(ReferencePipeline.java:126)
at java.util.stream.AbstractPipeline.copyIntoWithCancel(AbstractPipeline.java:499)
at java.util.stream.AbstractPipeline.copyInto(AbstractPipeline.java:486)
at java.util.stream.AbstractPipeline.wrapAndCopyInto(AbstractPipeline.java:472)
at java.util.stream.FindOps$FindOp.evaluateSequential(FindOps.java:152)
at java.util.stream.AbstractPipeline.evaluate(AbstractPipeline.java:234)
at java.util.stream.ReferencePipeline.findFirst(ReferencePipeline.java:464)
at org.openqa.selenium.remote.ProtocolHandshake.createSession(ProtocolHandshake.java:128)
at org.openqa.selenium.remote.ProtocolHandshake.createSession(ProtocolHandshake.java:74)
at org.openqa.selenium.remote.HttpCommandExecutor.execute(HttpCommandExecutor.java:136)
at org.openqa.selenium.remote.service.DriverCommandExecutor.execute(DriverCommandExecutor.java:83)
at org.openqa.selenium.remote.RemoteWebDriver.execute(RemoteWebDriver.java:552)
at org.openqa.selenium.remote.RemoteWebDriver.startSession(RemoteWebDriver.java:213)
at org.openqa.selenium.remote.RemoteWebDriver.<init>(RemoteWebDriver.java:131)
at org.openqa.selenium.chrome.ChromeDriver.<init>(ChromeDriver.java:181)
at org.openqa.selenium.chrome.ChromeDriver.<init>(ChromeDriver.java:168)
at org.openqa.selenium.chrome.ChromeDriver.<init>(ChromeDriver.java:123)
at com.Pack1.FirstTest.TestGoogle(FirstTest.java:23)
at java.util.ArrayList.forEach(ArrayList.java:1259)
... Removed 31 stack frames]]>
    </failure>
  </testcase> <!-- TestGoogle -->
  <testcase name="CloseBrowser" time="0.0" classname="com.Pack1.FirstTest">
    <failure type="java.lang.NullPointerException">
      <![CDATA[java.lang.NullPointerException
at com.Pack1.FirstTest.CloseBrowser(FirstTest.java:53)
at java.util.ArrayList.forEach(ArrayList.java:1259)
... Removed 27 stack frames]]>
    </failure>
  </testcase> <!-- CloseBrowser -->
  <testcase name="openSite" time="0.0" classname="com.Pack1.FirstTest">
    <ignored/>
  </testcase> <!-- openSite -->
</testsuite> <!-- GoogleTutorialPage -->
